2018-03-12 20:14:34,364 INFO o.s.w.c.ContextLoader [main] Root WebApplicationContext: initialization started
2018-03-12 20:14:34,392 INFO o.s.w.c.s.XmlWebApplicationContext [main] Refreshing Root WebApplicationContext: startup date [Mon Mar 12 20:14:34 CST 2018]; root of context hierarchy
2018-03-12 20:14:34,415 INFO o.s.b.f.x.XmlBeanDefinitionReader [main] Loading XML bean definitions from ServletContext resource [/WEB-INF/spring-context.xml]
2018-03-12 20:14:34,514 INFO o.s.b.f.x.XmlBeanDefinitionReader [main] Loading XML bean definitions from ServletContext resource [/WEB-INF/spring-servlet.xml]
2018-03-12 20:14:34,846 INFO o.s.w.s.h.SimpleUrlHandlerMapping [main] Mapped URL path [/**] onto handler 'org.springframework.web.servlet.resource.ResourceHttpRequestHandler#0'
2018-03-12 20:14:34,898 INFO o.s.w.c.ContextLoader [main] Root WebApplicationContext: initialization completed in 533 ms
2018-03-12 20:14:34,952 INFO o.s.w.s.DispatcherServlet [main] FrameworkServlet 'webmvc-dispatcher': initialization started
2018-03-12 20:14:34,954 INFO o.s.w.c.s.XmlWebApplicationContext [main] Refreshing WebApplicationContext for namespace 'webmvc-dispatcher-servlet': startup date [Mon Mar 12 20:14:34 CST 2018]; parent: Root WebApplicationContext
2018-03-12 20:14:34,977 INFO o.s.w.s.DispatcherServlet [main] FrameworkServlet 'webmvc-dispatcher': initialization completed in 25 ms
2018-03-12 20:16:03,307 INFO o.s.w.c.ContextLoader [main] Root WebApplicationContext: initialization started
2018-03-12 20:16:03,354 INFO o.s.w.c.s.XmlWebApplicationContext [main] Refreshing Root WebApplicationContext: startup date [Mon Mar 12 20:16:03 CST 2018]; root of context hierarchy
2018-03-12 20:16:03,381 INFO o.s.b.f.x.XmlBeanDefinitionReader [main] Loading XML bean definitions from ServletContext resource [/WEB-INF/spring-context.xml]
2018-03-12 20:16:03,498 INFO o.s.b.f.x.XmlBeanDefinitionReader [main] Loading XML bean definitions from ServletContext resource [/WEB-INF/spring-servlet.xml]
2018-03-12 20:16:03,882 INFO o.s.w.s.h.SimpleUrlHandlerMapping [main] Mapped URL path [/**] onto handler 'org.springframework.web.servlet.resource.ResourceHttpRequestHandler#0'
2018-03-12 20:16:03,947 INFO o.s.w.c.ContextLoader [main] Root WebApplicationContext: initialization completed in 639 ms
2018-03-12 20:16:04,000 INFO o.s.w.s.DispatcherServlet [main] FrameworkServlet 'webmvc-dispatcher': initialization started
2018-03-12 20:16:04,003 INFO o.s.w.c.s.XmlWebApplicationContext [main] Refreshing WebApplicationContext for namespace 'webmvc-dispatcher-servlet': startup date [Mon Mar 12 20:16:04 CST 2018]; parent: Root WebApplicationContext
2018-03-12 20:16:04,031 INFO o.s.w.s.DispatcherServlet [main] FrameworkServlet 'webmvc-dispatcher': initialization completed in 31 ms
2018-03-12 20:19:33,182 INFO o.s.w.c.ContextLoader [main] Root WebApplicationContext: initialization started
2018-03-12 20:19:33,211 INFO o.s.w.c.s.XmlWebApplicationContext [main] Refreshing Root WebApplicationContext: startup date [Mon Mar 12 20:19:33 CST 2018]; root of context hierarchy
2018-03-12 20:19:33,235 INFO o.s.b.f.x.XmlBeanDefinitionReader [main] Loading XML bean definitions from ServletContext resource [/WEB-INF/spring-context.xml]
2018-03-12 20:19:33,322 INFO o.s.b.f.x.XmlBeanDefinitionReader [main] Loading XML bean definitions from ServletContext resource [/WEB-INF/spring-servlet.xml]
2018-03-12 20:19:33,740 INFO o.s.w.s.h.SimpleUrlHandlerMapping [main] Mapped URL path [/**] onto handler 'org.springframework.web.servlet.resource.ResourceHttpRequestHandler#0'
2018-03-12 20:19:33,804 INFO o.s.w.c.ContextLoader [main] Root WebApplicationContext: initialization completed in 621 ms
2018-03-12 20:19:33,879 INFO o.s.w.s.DispatcherServlet [main] FrameworkServlet 'webmvc-dispatcher': initialization started
2018-03-12 20:19:33,881 INFO o.s.w.c.s.XmlWebApplicationContext [main] Refreshing WebApplicationContext for namespace 'webmvc-dispatcher-servlet': startup date [Mon Mar 12 20:19:33 CST 2018]; parent: Root WebApplicationContext
2018-03-12 20:19:33,903 INFO o.s.w.s.DispatcherServlet [main] FrameworkServlet 'webmvc-dispatcher': initialization completed in 24 ms
2018-03-12 20:23:52,338 INFO o.s.w.c.ContextLoader [main] Root WebApplicationContext: initialization started
2018-03-12 20:23:52,369 INFO o.s.w.c.s.XmlWebApplicationContext [main] Refreshing Root WebApplicationContext: startup date [Mon Mar 12 20:23:52 CST 2018]; root of context hierarchy
2018-03-12 20:23:52,393 INFO o.s.b.f.x.XmlBeanDefinitionReader [main] Loading XML bean definitions from ServletContext resource [/WEB-INF/spring-context.xml]
2018-03-12 20:23:52,537 INFO o.s.b.f.x.XmlBeanDefinitionReader [main] Loading XML bean definitions from ServletContext resource [/WEB-INF/spring-servlet.xml]
2018-03-12 20:23:52,895 INFO o.s.w.s.h.SimpleUrlHandlerMapping [main] Mapped URL path [/**] onto handler 'org.springframework.web.servlet.resource.ResourceHttpRequestHandler#0'
2018-03-12 20:23:52,945 INFO o.s.w.c.ContextLoader [main] Root WebApplicationContext: initialization completed in 606 ms
2018-03-12 20:23:53,006 INFO o.s.w.s.DispatcherServlet [main] FrameworkServlet 'webmvc-dispatcher': initialization started
2018-03-12 20:23:53,009 INFO o.s.w.c.s.XmlWebApplicationContext [main] Refreshing WebApplicationContext for namespace 'webmvc-dispatcher-servlet': startup date [Mon Mar 12 20:23:53 CST 2018]; parent: Root WebApplicationContext
2018-03-12 20:23:53,030 INFO o.s.w.s.DispatcherServlet [main] FrameworkServlet 'webmvc-dispatcher': initialization completed in 23 ms
2018-03-12 20:24:11,295 ERROR c.a.f.ConnectionFactory [Thread-10] connect error : Server returned HTTP response code: 400 for URL: https://api.line.me/v2/bot/message/reply
2018-03-12 20:31:43,528 INFO o.s.w.c.ContextLoader [main] Root WebApplicationContext: initialization started
2018-03-12 20:31:43,559 INFO o.s.w.c.s.XmlWebApplicationContext [main] Refreshing Root WebApplicationContext: startup date [Mon Mar 12 20:31:43 CST 2018]; root of context hierarchy
2018-03-12 20:31:43,584 INFO o.s.b.f.x.XmlBeanDefinitionReader [main] Loading XML bean definitions from ServletContext resource [/WEB-INF/spring-context.xml]
2018-03-12 20:31:43,685 INFO o.s.b.f.x.XmlBeanDefinitionReader [main] Loading XML bean definitions from ServletContext resource [/WEB-INF/spring-servlet.xml]
2018-03-12 20:31:44,067 INFO o.s.w.s.h.SimpleUrlHandlerMapping [main] Mapped URL path [/**] onto handler 'org.springframework.web.servlet.resource.ResourceHttpRequestHandler#0'
2018-03-12 20:31:44,133 INFO o.s.w.c.ContextLoader [main] Root WebApplicationContext: initialization completed in 604 ms
2018-03-12 20:31:44,194 INFO o.s.w.s.DispatcherServlet [main] FrameworkServlet 'webmvc-dispatcher': initialization started
2018-03-12 20:31:44,197 INFO o.s.w.c.s.XmlWebApplicationContext [main] Refreshing WebApplicationContext for namespace 'webmvc-dispatcher-servlet': startup date [Mon Mar 12 20:31:44 CST 2018]; parent: Root WebApplicationContext
2018-03-12 20:31:44,227 INFO o.s.w.s.DispatcherServlet [main] FrameworkServlet 'webmvc-dispatcher': initialization completed in 32 ms
2018-03-12 20:35:17,616 INFO o.s.w.c.ContextLoader [main] Root WebApplicationContext: initialization started
2018-03-12 20:35:17,639 INFO o.s.w.c.s.XmlWebApplicationContext [main] Refreshing Root WebApplicationContext: startup date [Mon Mar 12 20:35:17 CST 2018]; root of context hierarchy
2018-03-12 20:35:17,671 INFO o.s.b.f.x.XmlBeanDefinitionReader [main] Loading XML bean definitions from ServletContext resource [/WEB-INF/spring-context.xml]
2018-03-12 20:35:17,764 INFO o.s.b.f.x.XmlBeanDefinitionReader [main] Loading XML bean definitions from ServletContext resource [/WEB-INF/spring-servlet.xml]
2018-03-12 20:35:18,129 INFO o.s.w.s.h.SimpleUrlHandlerMapping [main] Mapped URL path [/**] onto handler 'org.springframework.web.servlet.resource.ResourceHttpRequestHandler#0'
2018-03-12 20:35:18,167 INFO o.s.w.c.ContextLoader [main] Root WebApplicationContext: initialization completed in 550 ms
2018-03-12 20:37:05,604 INFO o.s.w.c.ContextLoader [main] Root WebApplicationContext: initialization started
2018-03-12 20:37:05,628 INFO o.s.w.c.s.XmlWebApplicationContext [main] Refreshing Root WebApplicationContext: startup date [Mon Mar 12 20:37:05 CST 2018]; root of context hierarchy
2018-03-12 20:37:05,661 INFO o.s.b.f.x.XmlBeanDefinitionReader [main] Loading XML bean definitions from ServletContext resource [/WEB-INF/spring-context.xml]
2018-03-12 20:37:05,760 INFO o.s.b.f.x.XmlBeanDefinitionReader [main] Loading XML bean definitions from ServletContext resource [/WEB-INF/spring-servlet.xml]
2018-03-12 20:37:06,101 INFO o.s.w.s.h.SimpleUrlHandlerMapping [main] Mapped URL path [/**] onto handler 'org.springframework.web.servlet.resource.ResourceHttpRequestHandler#0'
2018-03-12 20:37:06,137 INFO o.s.w.c.ContextLoader [main] Root WebApplicationContext: initialization completed in 532 ms
2018-03-12 20:37:32,066 INFO o.s.w.c.ContextLoader [main] Root WebApplicationContext: initialization started
2018-03-12 20:37:32,103 INFO o.s.w.c.s.XmlWebApplicationContext [main] Refreshing Root WebApplicationContext: startup date [Mon Mar 12 20:37:32 CST 2018]; root of context hierarchy
2018-03-12 20:37:32,129 INFO o.s.b.f.x.XmlBeanDefinitionReader [main] Loading XML bean definitions from ServletContext resource [/WEB-INF/spring-context.xml]
2018-03-12 20:37:32,223 INFO o.s.b.f.x.XmlBeanDefinitionReader [main] Loading XML bean definitions from ServletContext resource [/WEB-INF/spring-servlet.xml]
2018-03-12 20:37:32,589 INFO o.s.w.s.h.SimpleUrlHandlerMapping [main] Mapped URL path [/**] onto handler 'org.springframework.web.servlet.resource.ResourceHttpRequestHandler#0'
2018-03-12 20:37:32,655 INFO o.s.w.c.ContextLoader [main] Root WebApplicationContext: initialization completed in 588 ms
2018-03-12 20:37:32,710 INFO o.s.w.s.DispatcherServlet [main] FrameworkServlet 'webmvc-dispatcher': initialization started
2018-03-12 20:37:32,714 INFO o.s.w.c.s.XmlWebApplicationContext [main] Refreshing WebApplicationContext for namespace 'webmvc-dispatcher-servlet': startup date [Mon Mar 12 20:37:32 CST 2018]; parent: Root WebApplicationContext
2018-03-12 20:37:32,737 INFO o.s.w.s.DispatcherServlet [main] FrameworkServlet 'webmvc-dispatcher': initialization completed in 27 ms
2018-03-12 20:41:12,693 INFO o.s.w.c.ContextLoader [main] Root WebApplicationContext: initialization started
2018-03-12 20:41:12,724 INFO o.s.w.c.s.XmlWebApplicationContext [main] Refreshing Root WebApplicationContext: startup date [Mon Mar 12 20:41:12 CST 2018]; root of context hierarchy
2018-03-12 20:41:12,748 INFO o.s.b.f.x.XmlBeanDefinitionReader [main] Loading XML bean definitions from ServletContext resource [/WEB-INF/spring-context.xml]
2018-03-12 20:41:12,845 INFO o.s.b.f.x.XmlBeanDefinitionReader [main] Loading XML bean definitions from ServletContext resource [/WEB-INF/spring-servlet.xml]
2018-03-12 20:41:13,228 INFO o.s.w.s.h.SimpleUrlHandlerMapping [main] Mapped URL path [/**] onto handler 'org.springframework.web.servlet.resource.ResourceHttpRequestHandler#0'
2018-03-12 20:41:13,266 INFO o.s.w.c.ContextLoader [main] Root WebApplicationContext: initialization completed in 573 ms
2018-03-12 20:41:13,312 INFO o.s.w.s.DispatcherServlet [main] FrameworkServlet 'webmvc-dispatcher': initialization started
2018-03-12 20:41:13,314 INFO o.s.w.c.s.XmlWebApplicationContext [main] Refreshing WebApplicationContext for namespace 'webmvc-dispatcher-servlet': startup date [Mon Mar 12 20:41:13 CST 2018]; parent: Root WebApplicationContext
2018-03-12 20:41:13,341 INFO o.s.w.s.DispatcherServlet [main] FrameworkServlet 'webmvc-dispatcher': initialization completed in 29 ms
2018-03-12 20:46:18,172 INFO o.s.w.c.ContextLoader [main] Root WebApplicationContext: initialization started
2018-03-12 20:46:18,218 INFO o.s.w.c.s.XmlWebApplicationContext [main] Refreshing Root WebApplicationContext: startup date [Mon Mar 12 20:46:18 CST 2018]; root of context hierarchy
2018-03-12 20:46:18,247 INFO o.s.b.f.x.XmlBeanDefinitionReader [main] Loading XML bean definitions from ServletContext resource [/WEB-INF/spring-context.xml]
2018-03-12 20:46:18,342 INFO o.s.b.f.x.XmlBeanDefinitionReader [main] Loading XML bean definitions from ServletContext resource [/WEB-INF/spring-servlet.xml]
2018-03-12 20:46:18,657 INFO o.s.w.s.h.SimpleUrlHandlerMapping [main] Mapped URL path [/**] onto handler 'org.springframework.web.servlet.resource.ResourceHttpRequestHandler#0'
2018-03-12 20:46:18,694 INFO o.s.w.c.ContextLoader [main] Root WebApplicationContext: initialization completed in 521 ms
2018-03-12 20:46:18,736 INFO o.s.w.s.DispatcherServlet [main] FrameworkServlet 'webmvc-dispatcher': initialization started
2018-03-12 20:46:18,738 INFO o.s.w.c.s.XmlWebApplicationContext [main] Refreshing WebApplicationContext for namespace 'webmvc-dispatcher-servlet': startup date [Mon Mar 12 20:46:18 CST 2018]; parent: Root WebApplicationContext
2018-03-12 20:46:18,760 INFO o.s.w.s.DispatcherServlet [main] FrameworkServlet 'webmvc-dispatcher': initialization completed in 24 ms
2018-03-12 20:46:28,611 ERROR c.a.f.ConnectionFactory [Thread-10] connect error : Server returned HTTP response code: 400 for URL: https://api.line.me/v2/bot/message/reply
